2014-03-01 16:34:44 paged_title() [Weddings | The Photography Parlour] [ - Part 2]
2014-03-01 16:35:23 paged_title() [Weddings | The Photography Parlour] [ - Part 2]
2014-03-01 16:35:33 paged_title() [Weddings | The Photography Parlour] [ - Part 3]
2014-03-01 16:35:46 paged_title() [Weddings | The Photography Parlour] [ - Part 4]
2014-03-01 17:06:37 paged_title() [admin | The Photography Parlour] [ - Part 3]
2014-03-01 17:17:57 paged_title() [Pro Interviews | The Photography Parlour] [ - Part 2]
2014-03-01 17:20:38 paged_title() [admin | The Photography Parlour] [ - Part 7]
2014-03-01 17:28:38 paged_title() [Pro Interviews | The Photography Parlour] [ - Part 6]
2014-03-01 17:30:17 paged_title() [Ria Mishaal Cooke | The Photography Parlour] [ - Part 2]
2014-03-01 17:47:37 paged_title() [The Photography Parlour : Tips and advice for aspiring pro photographers] [ - Part 2]
2014-03-01 17:48:26 paged_title() [Pro Interviews | The Photography Parlour] [ - Part 4]
2014-03-01 17:48:26 paged_title() [The Photography Parlour : Tips and advice for aspiring pro photographers] [ - Part 3]
2014-03-01 17:52:29 paged_title() [The Photography Parlour : Tips and advice for aspiring pro photographers] [ - Part 2]
2014-03-01 18:39:23 paged_title() [Reviews | The Photography Parlour] [ - Part 2]
2014-03-01 18:39:43 paged_title() [Pro Interviews | The Photography Parlour] [ - Part 7]
2014-03-02 08:55:42 paged_title() [The Photography Parlour : Tips and advice for aspiring pro photographers] [ - Part 2]
2014-03-02 22:28:23 paged_title() [admin | The Photography Parlour] [ - Part 2]
2014-03-02 22:28:58 paged_title() [admin | The Photography Parlour] [ - Part 5]
2014-03-02 22:58:58 paged_title() [First Assignment | The Photography Parlour] [ - Part 2]
2014-03-02 22:59:38 paged_title() [Starting Out | The Photography Parlour] [ - Part 2]
2014-03-02 23:11:18 paged_title() [Industry Insider | The Photography Parlour] [ - Part 3]
2014-03-02 23:14:18 paged_title() [Portraiture | The Photography Parlour] [ - Part 2]
2014-03-02 23:16:58 paged_title() [Reviews | The Photography Parlour] [ - Part 3]
2014-03-02 23:26:08 paged_title() [admin | The Photography Parlour] [ - Part 4]
2014-03-02 23:26:38 paged_title() [admin | The Photography Parlour] [ - Part 8]
2014-03-02 23:40:18 paged_title() [admin | The Photography Parlour] [ - Part 6]
2014-03-02 23:46:18 paged_title() [Behind The Scenes | The Photography Parlour] [ - Part 2]
2014-03-02 23:46:58 paged_title() [Industry Insider | The Photography Parlour] [ - Part 2]
2014-03-02 23:48:58 paged_title() [Marketing Monday | The Photography Parlour] [ - Part 2]
2014-03-02 23:53:18 paged_title() [Pro Interviews | The Photography Parlour] [ - Part 3]
2014-03-02 23:53:58 paged_title() [Pro Interviews | The Photography Parlour] [ - Part 8]
2014-03-02 23:55:59 paged_title() [Portraiture | The Photography Parlour] [ - Part 3]
2014-03-03 00:34:00 paged_title() [Pro Interviews | The Photography Parlour] [ - Part 5]
2014-03-03 00:37:18 paged_title() [Workshops | The Photography Parlour] [ - Part 2]
2014-03-03 00:57:12 paged_title() [The Photography Parlour : Tips and advice for aspiring pro photographers] [ - Part 4]
2014-03-03 05:34:39 paged_title() [The Photography Parlour : Tips and advice for aspiring pro photographers] [ - Part 6]
2014-03-03 12:07:46 paged_title() [Marketing Monday | The Photography Parlour] [ - Part 2]
